{"G:\\Propertyguru\\payment-frontend\\src\\App.js": {"path":"G:\\Propertyguru\\payment-frontend\\src\\App.js","statementMap":{"0":{"start":{"line":8,"column":12},"end":{"line":17,"column":1}},"1":{"start":{"line":9,"column":1},"end":{"line":16,"column":3}}},"fnMap":{"0":{"name":"(anonymous_0)","decl":{"start":{"line":8,"column":12},"end":{"line":8,"column":13}},"loc":{"start":{"line":8,"column":18},"end":{"line":17,"column":1}},"line":8}},"branchMap":{},"s":{"0":0,"1":0},"f":{"0":0},"b":{}}
,"G:\\Propertyguru\\payment-frontend\\src\\index.js": {"path":"G:\\Propertyguru\\payment-frontend\\src\\index.js","statementMap":{"0":{"start":{"line":7,"column":13},"end":{"line":7,"column":65}},"1":{"start":{"line":8,"column":0},"end":{"line":12,"column":2}},"2":{"start":{"line":14,"column":0},"end":{"line":14,"column":18}}},"fnMap":{},"branchMap":{},"s":{"0":0,"1":0,"2":0},"f":{},"b":{}}
,"G:\\Propertyguru\\payment-frontend\\src\\reportWebVitals.js": {"path":"G:\\Propertyguru\\payment-frontend\\src\\reportWebVitals.js","statementMap":{"0":{"start":{"line":1,"column":24},"end":{"line":11,"column":1}},"1":{"start":{"line":2,"column":1},"end":{"line":10,"column":2}},"2":{"start":{"line":3,"column":2},"end":{"line":9,"column":5}},"3":{"start":{"line":4,"column":3},"end":{"line":4,"column":23}},"4":{"start":{"line":5,"column":3},"end":{"line":5,"column":23}},"5":{"start":{"line":6,"column":3},"end":{"line":6,"column":23}},"6":{"start":{"line":7,"column":3},"end":{"line":7,"column":23}},"7":{"start":{"line":8,"column":3},"end":{"line":8,"column":24}}},"fnMap":{"0":{"name":"(anonymous_0)","decl":{"start":{"line":1,"column":24},"end":{"line":1,"column":25}},"loc":{"start":{"line":1,"column":39},"end":{"line":11,"column":1}},"line":1},"1":{"name":"(anonymous_1)","decl":{"start":{"line":3,"column":28},"end":{"line":3,"column":29}},"loc":{"start":{"line":3,"column":77},"end":{"line":9,"column":3}},"line":3}},"branchMap":{"0":{"loc":{"start":{"line":2,"column":1},"end":{"line":10,"column":2}},"type":"if","locations":[{"start":{"line":2,"column":1},"end":{"line":10,"column":2}},{"start":{},"end":{}}],"line":2},"1":{"loc":{"start":{"line":2,"column":5},"end":{"line":2,"column":51}},"type":"binary-expr","locations":[{"start":{"line":2,"column":5},"end":{"line":2,"column":16}},{"start":{"line":2,"column":20},"end":{"line":2,"column":51}}],"line":2}},"s":{"0":0,"1":0,"2":0,"3":0,"4":0,"5":0,"6":0,"7":0},"f":{"0":0,"1":0},"b":{"0":[0,0],"1":[0,0]}}
,"G:\\Propertyguru\\payment-frontend\\src\\setupTests.js": {"path":"G:\\Propertyguru\\payment-frontend\\src\\setupTests.js","statementMap":{},"fnMap":{},"branchMap":{},"s":{},"f":{},"b":{}}
,"G:\\Propertyguru\\payment-frontend\\src\\components\\card-field\\index.js": {"path":"G:\\Propertyguru\\payment-frontend\\src\\components\\card-field\\index.js","statementMap":{"0":{"start":{"line":5,"column":18},"end":{"line":9,"column":1}},"1":{"start":{"line":6,"column":1},"end":{"line":8,"column":7}}},"fnMap":{"0":{"name":"(anonymous_0)","decl":{"start":{"line":5,"column":18},"end":{"line":5,"column":19}},"loc":{"start":{"line":6,"column":1},"end":{"line":8,"column":7}},"line":6}},"branchMap":{},"s":{"0":2,"1":6},"f":{"0":6},"b":{},"_coverageSchema":"1a1c01bbd47fc00a2c39e90264f33305004495a9","hash":"e67778bd405c72ebe47ae3cd678d8cb11ca5181b"}
,"G:\\Propertyguru\\payment-frontend\\src\\components\\checkout-form\\index.js": {"path":"G:\\Propertyguru\\payment-frontend\\src\\components\\checkout-form\\index.js","statementMap":{"0":{"start":{"line":9,"column":21},"end":{"line":138,"column":1}},"1":{"start":{"line":10,"column":16},"end":{"line":10,"column":27}},"2":{"start":{"line":11,"column":18},"end":{"line":11,"column":31}},"3":{"start":{"line":12,"column":27},"end":{"line":12,"column":41}},"4":{"start":{"line":13,"column":41},"end":{"line":13,"column":56}},"5":{"start":{"line":14,"column":37},"end":{"line":14,"column":52}},"6":{"start":{"line":15,"column":43},"end":{"line":15,"column":57}},"7":{"start":{"line":16,"column":45},"end":{"line":20,"column":3}},"8":{"start":{"line":22,"column":22},"end":{"line":52,"column":2}},"9":{"start":{"line":23,"column":2},"end":{"line":23,"column":25}},"10":{"start":{"line":25,"column":2},"end":{"line":27,"column":3}},"11":{"start":{"line":26,"column":3},"end":{"line":26,"column":10}},"12":{"start":{"line":29,"column":2},"end":{"line":32,"column":3}},"13":{"start":{"line":30,"column":3},"end":{"line":30,"column":39}},"14":{"start":{"line":31,"column":3},"end":{"line":31,"column":10}},"15":{"start":{"line":34,"column":2},"end":{"line":36,"column":3}},"16":{"start":{"line":35,"column":3},"end":{"line":35,"column":23}},"17":{"start":{"line":38,"column":18},"end":{"line":42,"column":4}},"18":{"start":{"line":44,"column":2},"end":{"line":44,"column":23}},"19":{"start":{"line":46,"column":2},"end":{"line":51,"column":3}},"20":{"start":{"line":47,"column":3},"end":{"line":47,"column":27}},"21":{"start":{"line":49,"column":3},"end":{"line":49,"column":38}},"22":{"start":{"line":50,"column":3},"end":{"line":50,"column":43}},"23":{"start":{"line":54,"column":15},"end":{"line":63,"column":2}},"24":{"start":{"line":55,"column":2},"end":{"line":55,"column":17}},"25":{"start":{"line":56,"column":2},"end":{"line":56,"column":23}},"26":{"start":{"line":57,"column":2},"end":{"line":57,"column":25}},"27":{"start":{"line":58,"column":2},"end":{"line":62,"column":5}},"28":{"start":{"line":65,"column":1},"end":{"line":137,"column":3}},"29":{"start":{"line":81,"column":8},"end":{"line":84,"column":11}},"30":{"start":{"line":96,"column":8},"end":{"line":99,"column":11}},"31":{"start":{"line":111,"column":8},"end":{"line":114,"column":11}},"32":{"start":{"line":121,"column":8},"end":{"line":121,"column":26}},"33":{"start":{"line":122,"column":8},"end":{"line":122,"column":36}}},"fnMap":{"0":{"name":"(anonymous_0)","decl":{"start":{"line":9,"column":21},"end":{"line":9,"column":22}},"loc":{"start":{"line":9,"column":27},"end":{"line":138,"column":1}},"line":9},"1":{"name":"(anonymous_1)","decl":{"start":{"line":22,"column":22},"end":{"line":22,"column":23}},"loc":{"start":{"line":22,"column":37},"end":{"line":52,"column":2}},"line":22},"2":{"name":"(anonymous_2)","decl":{"start":{"line":54,"column":15},"end":{"line":54,"column":16}},"loc":{"start":{"line":54,"column":21},"end":{"line":63,"column":2}},"line":54},"3":{"name":"(anonymous_3)","decl":{"start":{"line":80,"column":17},"end":{"line":80,"column":18}},"loc":{"start":{"line":80,"column":22},"end":{"line":85,"column":8}},"line":80},"4":{"name":"(anonymous_4)","decl":{"start":{"line":95,"column":17},"end":{"line":95,"column":18}},"loc":{"start":{"line":95,"column":22},"end":{"line":100,"column":8}},"line":95},"5":{"name":"(anonymous_5)","decl":{"start":{"line":110,"column":17},"end":{"line":110,"column":18}},"loc":{"start":{"line":110,"column":22},"end":{"line":115,"column":8}},"line":110},"6":{"name":"(anonymous_6)","decl":{"start":{"line":120,"column":17},"end":{"line":120,"column":18}},"loc":{"start":{"line":120,"column":22},"end":{"line":123,"column":8}},"line":120}},"branchMap":{"0":{"loc":{"start":{"line":25,"column":2},"end":{"line":27,"column":3}},"type":"if","locations":[{"start":{"line":25,"column":2},"end":{"line":27,"column":3}},{"start":{},"end":{}}],"line":25},"1":{"loc":{"start":{"line":25,"column":6},"end":{"line":25,"column":26}},"type":"binary-expr","locations":[{"start":{"line":25,"column":6},"end":{"line":25,"column":13}},{"start":{"line":25,"column":17},"end":{"line":25,"column":26}}],"line":25},"2":{"loc":{"start":{"line":29,"column":2},"end":{"line":32,"column":3}},"type":"if","locations":[{"start":{"line":29,"column":2},"end":{"line":32,"column":3}},{"start":{},"end":{}}],"line":29},"3":{"loc":{"start":{"line":34,"column":2},"end":{"line":36,"column":3}},"type":"if","locations":[{"start":{"line":34,"column":2},"end":{"line":36,"column":3}},{"start":{},"end":{}}],"line":34},"4":{"loc":{"start":{"line":46,"column":2},"end":{"line":51,"column":3}},"type":"if","locations":[{"start":{"line":46,"column":2},"end":{"line":51,"column":3}},{"start":{"line":48,"column":9},"end":{"line":51,"column":3}}],"line":46},"5":{"loc":{"start":{"line":67,"column":4},"end":{"line":135,"column":4}},"type":"cond-expr","locations":[{"start":{"line":68,"column":4},"end":{"line":68,"column":67}},{"start":{"line":70,"column":4},"end":{"line":134,"column":11}}],"line":67},"6":{"loc":{"start":{"line":126,"column":6},"end":{"line":126,"column":59}},"type":"binary-expr","locations":[{"start":{"line":126,"column":6},"end":{"line":126,"column":11}},{"start":{"line":126,"column":15},"end":{"line":126,"column":59}}],"line":126}},"s":{"0":1,"1":5,"2":5,"3":5,"4":5,"5":5,"6":5,"7":5,"8":5,"9":0,"10":0,"11":0,"12":0,"13":0,"14":0,"15":0,"16":0,"17":0,"18":0,"19":0,"20":0,"21":0,"22":0,"23":5,"24":0,"25":0,"26":0,"27":0,"28":5,"29":0,"30":0,"31":0,"32":0,"33":0},"f":{"0":5,"1":0,"2":0,"3":0,"4":0,"5":0,"6":0},"b":{"0":[0,0],"1":[0,0],"2":[0,0],"3":[0,0],"4":[0,0],"5":[0,5],"6":[5,0]},"_coverageSchema":"1a1c01bbd47fc00a2c39e90264f33305004495a9","hash":"a5f9abca3c0ce6be2ec178432790362956620f7c"}
,"G:\\Propertyguru\\payment-frontend\\src\\components\\error-message\\index.js": {"path":"G:\\Propertyguru\\payment-frontend\\src\\components\\error-message\\index.js","statementMap":{"0":{"start":{"line":2,"column":21},"end":{"line":16,"column":1}},"1":{"start":{"line":3,"column":1},"end":{"line":15,"column":7}}},"fnMap":{"0":{"name":"(anonymous_0)","decl":{"start":{"line":2,"column":21},"end":{"line":2,"column":22}},"loc":{"start":{"line":3,"column":1},"end":{"line":15,"column":7}},"line":3}},"branchMap":{},"s":{"0":2,"1":2},"f":{"0":2},"b":{},"_coverageSchema":"1a1c01bbd47fc00a2c39e90264f33305004495a9","hash":"88dd6661b912afae906a4688265f2988c90fcb03"}
,"G:\\Propertyguru\\payment-frontend\\src\\components\\field\\index.js": {"path":"G:\\Propertyguru\\payment-frontend\\src\\components\\field\\index.js","statementMap":{"0":{"start":{"line":2,"column":14},"end":{"line":27,"column":1}},"1":{"start":{"line":12,"column":1},"end":{"line":26,"column":7}}},"fnMap":{"0":{"name":"(anonymous_0)","decl":{"start":{"line":2,"column":14},"end":{"line":2,"column":15}},"loc":{"start":{"line":12,"column":1},"end":{"line":26,"column":7}},"line":12}},"branchMap":{},"s":{"0":2,"1":18},"f":{"0":18},"b":{},"_coverageSchema":"1a1c01bbd47fc00a2c39e90264f33305004495a9","hash":"2031f178589ab08bbeb6a9da4536cb09dbc21b10"}
,"G:\\Propertyguru\\payment-frontend\\src\\components\\reset-button\\index.js": {"path":"G:\\Propertyguru\\payment-frontend\\src\\components\\reset-button\\index.js","statementMap":{"0":{"start":{"line":2,"column":20},"end":{"line":11,"column":1}},"1":{"start":{"line":3,"column":1},"end":{"line":10,"column":10}}},"fnMap":{"0":{"name":"(anonymous_0)","decl":{"start":{"line":2,"column":20},"end":{"line":2,"column":21}},"loc":{"start":{"line":3,"column":1},"end":{"line":10,"column":10}},"line":3}},"branchMap":{},"s":{"0":3,"1":3},"f":{"0":3},"b":{},"_coverageSchema":"1a1c01bbd47fc00a2c39e90264f33305004495a9","hash":"af6fed1a15b3c6f56e7727f3c54271afb99252ab"}
,"G:\\Propertyguru\\payment-frontend\\src\\components\\response-message\\index.js": {"path":"G:\\Propertyguru\\payment-frontend\\src\\components\\response-message\\index.js","statementMap":{"0":{"start":{"line":4,"column":24},"end":{"line":22,"column":1}},"1":{"start":{"line":5,"column":1},"end":{"line":21,"column":3}}},"fnMap":{"0":{"name":"(anonymous_0)","decl":{"start":{"line":4,"column":24},"end":{"line":4,"column":25}},"loc":{"start":{"line":4,"column":54},"end":{"line":22,"column":1}},"line":4}},"branchMap":{},"s":{"0":2,"1":2},"f":{"0":2},"b":{},"_coverageSchema":"1a1c01bbd47fc00a2c39e90264f33305004495a9","hash":"0f1a5829232cfc1e720e6f1724d7194a86a13642"}
,"G:\\Propertyguru\\payment-frontend\\src\\components\\submit-button\\index.js": {"path":"G:\\Propertyguru\\payment-frontend\\src\\components\\submit-button\\index.js","statementMap":{"0":{"start":{"line":3,"column":21},"end":{"line":13,"column":1}},"1":{"start":{"line":4,"column":1},"end":{"line":12,"column":3}}},"fnMap":{"0":{"name":"(anonymous_0)","decl":{"start":{"line":3,"column":21},"end":{"line":3,"column":22}},"loc":{"start":{"line":3,"column":68},"end":{"line":13,"column":1}},"line":3}},"branchMap":{"0":{"loc":{"start":{"line":6,"column":30},"end":{"line":6,"column":64}},"type":"cond-expr","locations":[{"start":{"line":6,"column":38},"end":{"line":6,"column":59}},{"start":{"line":6,"column":62},"end":{"line":6,"column":64}}],"line":6},"1":{"loc":{"start":{"line":8,"column":13},"end":{"line":8,"column":35}},"type":"binary-expr","locations":[{"start":{"line":8,"column":13},"end":{"line":8,"column":23}},{"start":{"line":8,"column":27},"end":{"line":8,"column":35}}],"line":8},"2":{"loc":{"start":{"line":10,"column":4},"end":{"line":10,"column":43}},"type":"cond-expr","locations":[{"start":{"line":10,"column":17},"end":{"line":10,"column":32}},{"start":{"line":10,"column":35},"end":{"line":10,"column":43}}],"line":10}},"s":{"0":2,"1":7},"f":{"0":7},"b":{"0":[0,7],"1":[7,7],"2":[0,7]},"_coverageSchema":"1a1c01bbd47fc00a2c39e90264f33305004495a9","hash":"2adfaeb68c0ad720b8be55ffbf705f1e0d4ea00e"}
,"G:\\Propertyguru\\payment-frontend\\src\\utils\\card-option.js": {"path":"G:\\Propertyguru\\payment-frontend\\src\\utils\\card-option.js","statementMap":{"0":{"start":{"line":1,"column":21},"end":{"line":23,"column":1}}},"fnMap":{},"branchMap":{},"s":{"0":2},"f":{},"b":{},"_coverageSchema":"1a1c01bbd47fc00a2c39e90264f33305004495a9","hash":"6064fb5c3ec80ac8838b130b2ceb47736b0f5c9a"}
,"G:\\Propertyguru\\payment-frontend\\src\\utils\\element-option.js": {"path":"G:\\Propertyguru\\payment-frontend\\src\\utils\\element-option.js","statementMap":{"0":{"start":{"line":1,"column":25},"end":{"line":7,"column":1}}},"fnMap":{},"branchMap":{},"s":{"0":0},"f":{},"b":{}}
,"G:\\Propertyguru\\payment-frontend\\src\\utils\\stripe-promise.js": {"path":"G:\\Propertyguru\\payment-frontend\\src\\utils\\stripe-promise.js","statementMap":{"0":{"start":{"line":2,"column":22},"end":{"line":2,"column":66}}},"fnMap":{},"branchMap":{},"s":{"0":0},"f":{},"b":{}}
}
